<?xml version="1.0" encoding="UTF-8"?>
<!-- Generated by org.testng.reporters.JUnitReportReporter -->
<testsuite hostname="DESKTOP-14GEMGR" failures="0" tests="3" name="Annotataions.Annotataions_Example4" time="0.029" errors="0" timestamp="2024-01-10T06:44:00 IST" skipped="0">
  <testcase classname="Annotataions.Annotataions_Example4" name="Test2" time="0.009"/>
  <system-out/>
  <testcase classname="Annotataions.Annotataions_Example4" name="Test1" time="0.008"/>
  <system-out/>
  <testcase classname="Annotataions.Annotataions_Example4" name="Test3" time="0.012"/>
  <system-out/>
</testsuite> <!-- Annotataions.Annotataions_Example4 -->
