<?xml version="1.0" encoding="UTF-8"?>
<!-- Generated by org.testng.reporters.JUnitReportReporter -->
<testsuite hostname="DESKTOP-14GEMGR" failures="0" tests="2" name="Annotataions.Annotataions_Example2" time="0.019" errors="0" timestamp="2024-01-18T11:32:14 IST" skipped="0">
  <testcase classname="Annotataions.Annotataions_Example2" name="verifyLogin" time="0.010"/>
  <system-out/>
  <testcase classname="Annotataions.Annotataions_Example2" name="createTask" time="0.009"/>
  <system-out/>
</testsuite> <!-- Annotataions.Annotataions_Example2 -->
