<?xml version="1.0" encoding="UTF-8"?>
<!-- Generated by org.testng.reporters.JUnitReportReporter -->
<testsuite hostname="DESKTOP-14GEMGR" failures="0" tests="1" name="Alerthandling.example1" time="8.807" errors="0" timestamp="2024-01-15T07:59:57 IST" skipped="0">
  <testcase classname="Alerthandling.example1" name="TestActiveElementConcept" time="8.807"/>
  <system-out/>
</testsuite> <!-- Alerthandling.example1 -->
