<?xml version="1.0" encoding="UTF-8"?>
<!-- Generated by org.testng.reporters.JUnitReportReporter -->
<testsuite hostname="DESKTOP-14GEMGR" failures="0" tests="2" name="PractiseTestNG.Example1" time="0.020" errors="0" timestamp="2024-01-10T06:05:23 IST" skipped="0">
  <testcase classname="PractiseTestNG.Example1" name="testcase3" time="0.002"/>
  <system-out/>
  <testcase classname="PractiseTestNG.Example1" name="TestCase1" time="0.018"/>
  <system-out/>
</testsuite> <!-- PractiseTestNG.Example1 -->
