<?xml version="1.0" encoding="UTF-8"?>
<!-- Generated by org.testng.reporters.JUnitReportReporter -->
<testsuite hostname="DESKTOP-14GEMGR" failures="0" tests="1" name="javascriptsample.JavaScriptExample1" time="32.824" errors="0" timestamp="2024-01-21T22:19:35 IST" skipped="0">
  <testcase classname="javascriptsample.JavaScriptExample1" name="testLoginWithoutClick" time="32.824"/>
  <system-out/>
</testsuite> <!-- javascriptsample.JavaScriptExample1 -->
