<?xml version="1.0" encoding="UTF-8"?>
<!-- Generated by org.testng.reporters.JUnitReportReporter -->
<testsuite hostname="DESKTOP-14GEMGR" failures="0" tests="3" name="PractiseTestNG.example2" time="0.026" errors="0" timestamp="2024-01-10T06:05:23 IST" skipped="0">
  <testcase classname="PractiseTestNG.example2" name="signin" time="0.005"/>
  <system-out/>
  <testcase classname="PractiseTestNG.example2" name="login" time="0.015"/>
  <system-out/>
  <testcase classname="PractiseTestNG.example2" name="logout" time="0.006"/>
  <system-out/>
</testsuite> <!-- PractiseTestNG.example2 -->
