<?xml version="1.0" encoding="UTF-8"?>
<!-- Generated by org.testng.reporters.JUnitReportReporter -->
<testsuite hostname="DESKTOP-14GEMGR" failures="0" tests="1" name="Annotataions.example11" time="0.021" errors="0" timestamp="2024-01-18T11:30:28 IST" skipped="0">
  <testcase classname="Annotataions.example11" name="game1" time="0.021"/>
  <system-out/>
</testsuite> <!-- Annotataions.example11 -->
