<?xml version="1.0" encoding="UTF-8"?>
<!-- Generated by org.testng.reporters.JUnitReportReporter -->
<testsuite hostname="DESKTOP-14GEMGR" failures="0" tests="3" name="Annotataions.Annotations_Example1" time="0.029" errors="0" timestamp="2024-01-10T06:45:14 IST" skipped="0">
  <testcase classname="Annotataions.Annotations_Example1" name="signin" time="0.010"/>
  <system-out/>
  <testcase classname="Annotataions.Annotations_Example1" name="login" time="0.005"/>
  <system-out/>
  <testcase classname="Annotataions.Annotations_Example1" name="logout" time="0.014"/>
  <system-out/>
</testsuite> <!-- Annotataions.Annotations_Example1 -->
