<?xml version="1.0" encoding="UTF-8"?>
<!-- Generated by org.testng.reporters.JUnitReportReporter -->
<testsuite hostname="DESKTOP-14GEMGR" failures="0" tests="3" name="PractiseTestNG.example4" time="0.010" errors="0" timestamp="2024-01-10T06:05:23 IST" skipped="2">
  <testcase classname="PractiseTestNG.example4" name="login" time="0.010"/>
  <system-out/>
  <testcase classname="PractiseTestNG.example4" name="signin">
    <skipped/>
  </testcase> <!-- signin -->
  <system-out/>
  <testcase classname="PractiseTestNG.example4" name="logout">
    <skipped/>
  </testcase> <!-- logout -->
  <system-out/>
</testsuite> <!-- PractiseTestNG.example4 -->
