<?xml version="1.0" encoding="UTF-8"?>
<!-- Generated by org.testng.reporters.JUnitReportReporter -->
<testsuite hostname="DESKTOP-14GEMGR" failures="0" tests="6" name="PractiseTestNG.example6" time="2.105" errors="1" timestamp="2024-01-10T06:05:23 IST" skipped="1">
  <testcase classname="PractiseTestNG.example6" name="signin" time="0.013"/>
  <system-out/>
  <testcase classname="PractiseTestNG.example6" name="login" time="0.002"/>
  <system-out/>
  <testcase classname="PractiseTestNG.example6" name="createPIM" time="2.086">
    <error message="Method PractiseTestNG.example6.createPIM() didn&#039;t finish within the time-out 2000" type="org.testng.internal.thread.ThreadTimeoutException">
      <![CDATA[org.testng.internal.thread.ThreadTimeoutException: Method PractiseTestNG.example6.createPIM() didn't finish within the time-out 2000
at java.base@17.0.4.1/java.lang.Thread.sleep(Native Method)
at app//PractiseTestNG.example6.createPIM(example6.java:19)
at java.base@17.0.4.1/jdk.internal.reflect.NativeMethodAccessorImpl.invoke0(Native Method)
at java.base@17.0.4.1/jdk.internal.reflect.NativeMethodAccessorImpl.invoke(NativeMethodAccessorImpl.java:77)
at java.base@17.0.4.1/jdk.internal.reflect.DelegatingMethodAccessorImpl.invoke(DelegatingMethodAccessorImpl.java:43)
at java.base@17.0.4.1/java.lang.reflect.Method.invoke(Method.java:568)
at app//org.testng.internal.invokers.MethodInvocationHelper.invokeMethod(MethodInvocationHelper.java:139)
at app//org.testng.internal.invokers.InvokeMethodRunnable.runOne(InvokeMethodRunnable.java:47)
at app//org.testng.internal.invokers.InvokeMethodRunnable.call(InvokeMethodRunnable.java:76)
at app//org.testng.internal.invokers.InvokeMethodRunnable.call(InvokeMethodRunnable.java:11)
at java.base@17.0.4.1/java.util.concurrent.FutureTask.run(FutureTask.java:264)
at java.base@17.0.4.1/java.util.concurrent.ThreadPoolExecutor.runWorker(ThreadPoolExecutor.java:1136)
at java.base@17.0.4.1/java.util.concurrent.ThreadPoolExecutor$Worker.run(ThreadPoolExecutor.java:635)
at java.base@17.0.4.1/java.lang.Thread.run(Thread.java:833)
]]>
    </error>
  </testcase> <!-- createPIM -->
  <system-out/>
  <testcase classname="PractiseTestNG.example6" name="DeletePIM" time="0.000">
    <skipped/>
  </testcase> <!-- DeletePIM -->
  <system-out/>
  <testcase classname="PractiseTestNG.example6" name="checkNumber" time="0.003"/>
  <system-out/>
  <testcase classname="PractiseTestNG.example6" name="logout" time="0.001"/>
  <system-out/>
</testsuite> <!-- PractiseTestNG.example6 -->
