<?xml version="1.0" encoding="UTF-8"?>
<!-- Generated by org.testng.reporters.JUnitReportReporter -->
<testsuite hostname="DESKTOP-14GEMGR" failures="0" tests="1" name="eRail1.eRail" time="19.114" errors="0" timestamp="2024-01-12T07:49:30 IST" skipped="0">
  <testcase classname="eRail1.eRail" name="catering" time="19.114"/>
  <system-out/>
</testsuite> <!-- eRail1.eRail -->
