<?xml version="1.0" encoding="UTF-8"?>
<!-- Generated by org.testng.reporters.JUnitReportReporter -->
<testsuite hostname="DESKTOP-14GEMGR" failures="0" tests="1" name="AdvanceTestNG.GroupingExample1" time="0.028" errors="0" timestamp="2024-01-19T09:08:48 IST" skipped="0">
  <testcase classname="AdvanceTestNG.GroupingExample1" name="testcase2" time="0.028"/>
  <system-out/>
</testsuite> <!-- AdvanceTestNG.GroupingExample1 -->
