<?xml version="1.0" encoding="UTF-8"?>
<!-- Generated by org.testng.reporters.JUnitReportReporter -->
<testsuite hostname="DESKTOP-14GEMGR" failures="0" tests="2" name="Annotataions.Annotations_Example3" time="0.015" errors="0" timestamp="2024-01-10T06:35:02 IST" skipped="0">
  <testcase classname="Annotataions.Annotations_Example3" name="first" time="0.010"/>
  <system-out/>
  <testcase classname="Annotataions.Annotations_Example3" name="second" time="0.005"/>
  <system-out/>
</testsuite> <!-- Annotataions.Annotations_Example3 -->
