<?xml version="1.0" encoding="UTF-8"?>
<!-- Generated by org.testng.reporters.JUnitReportReporter -->
<testsuite hostname="DESKTOP-14GEMGR" failures="0" tests="4" name="AdvanceTestNG.Parameterization" time="26.668" errors="0" timestamp="2024-01-19T09:43:31 IST" skipped="0">
  <testcase classname="AdvanceTestNG.Parameterization" name="testCaseOne" time="0.013"/>
  <system-out/>
  <testcase classname="AdvanceTestNG.Parameterization" name="testCaseTwo" time="0.007"/>
  <system-out/>
  <testcase classname="AdvanceTestNG.Parameterization" name="testCaseThree" time="0.003"/>
  <system-out/>
  <testcase classname="AdvanceTestNG.Parameterization" name="testLoginOfVtiger" time="26.645"/>
  <system-out/>
</testsuite> <!-- AdvanceTestNG.Parameterization -->
