<?xml version="1.0" encoding="UTF-8"?>
<!-- Generated by org.testng.reporters.JUnitReportReporter -->
<testsuite hostname="DESKTOP-14GEMGR" failures="0" tests="5" name="PractiseTestNG.example5" time="0.015" errors="0" timestamp="2024-01-10T06:05:23 IST" skipped="1">
  <testcase classname="PractiseTestNG.example5" name="signin" time="0.003"/>
  <system-out/>
  <testcase classname="PractiseTestNG.example5" name="login" time="0.004"/>
  <system-out/>
  <testcase classname="PractiseTestNG.example5" name="login" time="0.005"/>
  <system-out/>
  <testcase classname="PractiseTestNG.example5" name="login" time="0.003"/>
  <system-out/>
  <testcase classname="PractiseTestNG.example5" name="logout">
    <skipped/>
  </testcase> <!-- logout -->
  <system-out/>
</testsuite> <!-- PractiseTestNG.example5 -->
