<?xml version="1.0" encoding="UTF-8"?>
<!-- Generated by org.testng.reporters.JUnitReportReporter -->
<testsuite hostname="DESKTOP-14GEMGR" failures="0" tests="1" name="Assignment1.Edit_PIM" time="26.552" errors="0" timestamp="2024-01-11T06:53:04 IST" skipped="0">
  <testcase classname="Assignment1.Edit_PIM" name="editPIM" time="26.552"/>
  <system-out/>
</testsuite> <!-- Assignment1.Edit_PIM -->
