<?xml version="1.0" encoding="UTF-8"?>
<!-- Generated by org.testng.reporters.JUnitReportReporter -->
<testsuite hostname="DESKTOP-14GEMGR" failures="0" tests="3" name="PractiseTestNG.example3" time="0.006" errors="0" timestamp="2024-01-10T06:05:23 IST" skipped="0">
  <testcase classname="PractiseTestNG.example3" name="signin" time="0.003"/>
  <system-out/>
  <testcase classname="PractiseTestNG.example3" name="login" time="0.001"/>
  <system-out/>
  <testcase classname="PractiseTestNG.example3" name="logout" time="0.002"/>
  <system-out/>
</testsuite> <!-- PractiseTestNG.example3 -->
