<?xml version="1.0" encoding="UTF-8"?>
<!-- Generated by org.testng.reporters.JUnitReportReporter -->
<testsuite hostname="DESKTOP-14GEMGR" failures="0" tests="1" name="DDT.ExcelReading" time="0.842" errors="0" timestamp="2024-01-16T07:38:00 IST" skipped="0">
  <testcase classname="DDT.ExcelReading" name="f" time="0.842"/>
  <system-out/>
</testsuite> <!-- DDT.ExcelReading -->
