<?xml version="1.0" encoding="UTF-8"?>
<!-- Generated by org.testng.reporters.JUnitReportReporter -->
<testsuite hostname="DESKTOP-14GEMGR" failures="0" tests="1" name="extentreport.ExtentDemo" time="63.921" errors="0" timestamp="2024-01-21T19:27:51 IST" skipped="0">
  <testcase classname="extentreport.ExtentDemo" name="extentReportsDemo" time="63.921"/>
  <system-out/>
</testsuite> <!-- extentreport.ExtentDemo -->
