<?xml version="1.0" encoding="UTF-8"?>
<!-- Generated by org.testng.reporters.JUnitReportReporter -->
<testsuite hostname="DESKTOP-14GEMGR" failures="0" tests="1" name="AllAssignments.orangehrm" time="27.009" errors="0" timestamp="2024-01-20T20:05:50 IST" skipped="0">
  <testcase classname="AllAssignments.orangehrm" name="PIM" time="27.009"/>
  <system-out/>
</testsuite> <!-- AllAssignments.orangehrm -->
