<?xml version="1.0" encoding="UTF-8"?>
<!-- Generated by org.testng.reporters.JUnitReportReporter -->
<testsuite hostname="DESKTOP-14GEMGR" failures="0" tests="1" name="javascriptsample.ScreenShotExample2" time="9.973" errors="0" timestamp="2024-01-22T07:29:42 IST" skipped="0">
  <testcase classname="javascriptsample.ScreenShotExample2" name="testScreenShot" time="9.973"/>
  <system-out/>
</testsuite> <!-- javascriptsample.ScreenShotExample2 -->
