<?xml version="1.0" encoding="UTF-8"?>
<!-- Generated by org.testng.reporters.JUnitReportReporter -->
<testsuite hostname="DESKTOP-14GEMGR" failures="0" tests="3" name="Annotataions.Annotataions_Example5" time="0.035" errors="0" timestamp="2024-01-10T06:52:26 IST" skipped="0">
  <testcase classname="Annotataions.Annotataions_Example5" name="first" time="0.014"/>
  <system-out/>
  <testcase classname="Annotataions.Annotataions_Example5" name="second" time="0.008"/>
  <system-out/>
  <testcase classname="Annotataions.Annotataions_Example5" name="third" time="0.013"/>
  <system-out/>
</testsuite> <!-- Annotataions.Annotataions_Example5 -->
