<?xml version="1.0" encoding="UTF-8"?>
<!-- Generated by org.testng.reporters.JUnitReportReporter -->
<testsuite hostname="DESKTOP-14GEMGR" failures="0" tests="1" name="DDTExcel.orangeHRMLogin" time="9.566" errors="0" timestamp="2024-01-17T07:42:33 IST" skipped="0">
  <testcase classname="DDTExcel.orangeHRMLogin" name="testOrangeHRMLogin" time="9.566"/>
  <system-out/>
</testsuite> <!-- DDTExcel.orangeHRMLogin -->
