<?xml version="1.0" encoding="UTF-8"?>
<!-- Generated by org.testng.reporters.JUnitReportReporter -->
<testsuite hostname="DESKTOP-14GEMGR" failures="0" tests="5" name="DDTExcel.VtigerLoginExcel" time="0.728" errors="0" timestamp="2024-01-17T07:32:41 IST" skipped="0">
  <testcase classname="DDTExcel.VtigerLoginExcel" name="getCellDetails" time="0.589"/>
  <system-out/>
  <testcase classname="DDTExcel.VtigerLoginExcel" name="getDiffTypeOfCellData" time="0.042"/>
  <system-out/>
  <testcase classname="DDTExcel.VtigerLoginExcel" name="readAllDataFromSheet" time="0.058"/>
  <system-out/>
  <testcase classname="DDTExcel.VtigerLoginExcel" name="readSheetdetails" time="0.037"/>
  <system-out/>
  <testcase classname="DDTExcel.VtigerLoginExcel" name="testCase" time="0.002"/>
  <system-out/>
</testsuite> <!-- DDTExcel.VtigerLoginExcel -->
