<?xml version="1.0" encoding="UTF-8"?>
<!-- Generated by org.testng.reporters.JUnitReportReporter -->
<testsuite hostname="DESKTOP-14GEMGR" failures="0" tests="1" name="swag.example1" time="30.421" errors="0" timestamp="2024-01-23T07:14:12 IST" skipped="0">
  <testcase classname="swag.example1" name="swag" time="30.421"/>
  <system-out/>
</testsuite> <!-- swag.example1 -->
