<?xml version="1.0" encoding="UTF-8"?>
<!-- Generated by org.testng.reporters.JUnitReportReporter -->
<testsuite hostname="DESKTOP-14GEMGR" failures="0" tests="1" name="javascriptsample.ScreenShotExample1" time="6.827" errors="0" timestamp="2024-01-21T22:24:31 IST" skipped="0">
  <testcase classname="javascriptsample.ScreenShotExample1" name="testScreenShot" time="6.827"/>
  <system-out/>
</testsuite> <!-- javascriptsample.ScreenShotExample1 -->
