<?xml version="1.0" encoding="UTF-8"?>
<!-- Generated by org.testng.reporters.JUnitReportReporter -->
<testsuite hostname="DESKTOP-14GEMGR" failures="0" tests="3" name="AdvanceTestNG.DataProviderMethod" time="39.892" errors="0" timestamp="2024-01-19T10:47:01 IST" skipped="0">
  <testcase classname="AdvanceTestNG.DataProviderMethod" name="testLoginOfVtiger" time="22.524"/>
  <system-out/>
  <testcase classname="AdvanceTestNG.DataProviderMethod" name="testLoginOfVtiger" time="8.626"/>
  <system-out/>
  <testcase classname="AdvanceTestNG.DataProviderMethod" name="testLoginOfVtiger" time="8.742"/>
  <system-out/>
</testsuite> <!-- AdvanceTestNG.DataProviderMethod -->
