<?xml version="1.0" encoding="UTF-8"?>
<!-- Generated by org.testng.reporters.JUnitReportReporter -->
<testsuite hostname="DESKTOP-14GEMGR" failures="0" tests="1" name="switchassignment.example1" time="14.454" errors="0" timestamp="2024-01-11T06:43:43 IST" skipped="0">
  <testcase classname="switchassignment.example1" name="select" time="14.454"/>
  <system-out/>
</testsuite> <!-- switchassignment.example1 -->
