<?xml version="1.0" encoding="UTF-8"?>
<!-- Generated by org.testng.reporters.JUnitReportReporter -->
<testsuite hostname="DESKTOP-14GEMGR" failures="0" tests="3" name="swaglab_testscripts1.SwagLabCartValidation" time="1.974" errors="0" timestamp="2024-01-27T14:07:25 IST" skipped="0">
  <testcase classname="swaglab_testscripts1.SwagLabCartValidation" name="testcart" time="0.834"/>
  <system-out/>
  <testcase classname="swaglab_testscripts1.SwagLabCartValidation" name="testCheckoutOverview" time="1.137"/>
  <system-out/>
  <testcase classname="swaglab_testscripts1.SwagLabCartValidation" name="testSucessMeg" time="0.003"/>
  <system-out/>
</testsuite> <!-- swaglab_testscripts1.SwagLabCartValidation -->
