<?xml version="1.0" encoding="UTF-8"?>
<!-- Generated by org.testng.reporters.JUnitReportReporter -->
<testsuite hostname="DESKTOP-14GEMGR" failures="0" tests="1" name="swaglab_testscripts1.SwagLabLoginValidation" time="19.271" errors="0" timestamp="2024-01-27T14:07:14 IST" skipped="0">
  <testcase classname="swaglab_testscripts1.SwagLabLoginValidation" name="testLoginLogout" time="19.271"/>
  <system-out/>
</testsuite> <!-- swaglab_testscripts1.SwagLabLoginValidation -->
