<?xml version="1.0" encoding="UTF-8"?>
<!-- Generated by org.testng.reporters.JUnitReportReporter -->
<testsuite hostname="DESKTOP-14GEMGR" failures="0" tests="2" name="testscripts.TestOrangeHrmPim" time="67.619" errors="0" timestamp="2024-01-27T21:32:01 IST" skipped="0">
  <testcase classname="testscripts.TestOrangeHrmPim" name="testPimCreation" time="36.988"/>
  <system-out/>
  <testcase classname="testscripts.TestOrangeHrmPim" name="testPimDeletion" time="30.631"/>
  <system-out/>
</testsuite> <!-- testscripts.TestOrangeHrmPim -->
