<?xml version="1.0" encoding="UTF-8"?>
<!-- Generated by org.testng.reporters.JUnitReportReporter -->
<testsuite hostname="DESKTOP-14GEMGR" failures="0" tests="2" name="testscripts.TestOrangeHrmPim" time="57.082" errors="0" timestamp="2024-01-27T21:41:31 IST" skipped="0">
  <testcase classname="testscripts.TestOrangeHrmPim" name="testPimCreation" time="24.175"/>
  <system-out/>
  <testcase classname="testscripts.TestOrangeHrmPim" name="testPimDeletion" time="32.907"/>
  <system-out/>
</testsuite> <!-- testscripts.TestOrangeHrmPim -->
