<?xml version="1.0" encoding="UTF-8"?>
<!-- Generated by org.testng.reporters.JUnitReportReporter -->
<testsuite hostname="DESKTOP-14GEMGR" failures="0" tests="2" name="swaglab_testscripts.SwagLabValidation" time="3.744" errors="0" timestamp="2024-01-28T09:25:13 IST" skipped="0">
  <testcase classname="swaglab_testscripts.SwagLabValidation" name="testLoginLogout" time="2.076"/>
  <system-out/>
  <testcase classname="swaglab_testscripts.SwagLabValidation" name="testShoppingOnSwagLab" time="1.668"/>
  <system-out/>
</testsuite> <!-- swaglab_testscripts.SwagLabValidation -->
